#! /usr/local/bin/vvp
:ivl_version "12.0 (stable)";
:ivl_delay_selection "TYPICAL";
:vpi_time_precision + 0;
:vpi_module "/usr/local/lib/ivl/system.vpi";
:vpi_module "/usr/local/lib/ivl/vhdl_sys.vpi";
:vpi_module "/usr/local/lib/ivl/vhdl_textio.vpi";
:vpi_module "/usr/local/lib/ivl/v2005_math.vpi";
:vpi_module "/usr/local/lib/ivl/va_math.vpi";
S_0x55587a1fa4e0 .scope module, "fifo_tb" "fifo_tb" 2 3;
 .timescale 0 0;
v0x55587a257c30_0 .var "clk", 0 0;
v0x55587a257cf0_0 .var "data_in", 7 0;
v0x55587a257dc0_0 .net "data_out", 7 0, v0x55587a257480_0;  1 drivers
v0x55587a257ec0_0 .var "en_read", 0 0;
v0x55587a257f90_0 .var "en_write", 0 0;
v0x55587a258030_0 .var "ptr_in", 4 0;
v0x55587a258100_0 .var "ptr_out", 4 0;
v0x55587a2581d0_0 .var "reset", 0 0;
S_0x55587a234ec0 .scope module, "fifo1" "fifo" 2 14, 3 1 0, S_0x55587a1fa4e0;
 .timescale 0 0;
    .port_info 0 /INPUT 8 "data_in";
    .port_info 1 /INPUT 5 "ptr_in";
    .port_info 2 /INPUT 5 "ptr_out";
    .port_info 3 /INPUT 1 "en_read";
    .port_info 4 /INPUT 1 "en_write";
    .port_info 5 /INPUT 1 "reset";
    .port_info 6 /INPUT 1 "clk";
    .port_info 7 /OUTPUT 8 "data_out";
v0x55587a235190_0 .net "clk", 0 0, v0x55587a257c30_0;  1 drivers
v0x55587a2573a0_0 .net "data_in", 7 0, v0x55587a257cf0_0;  1 drivers
v0x55587a257480_0 .var "data_out", 7 0;
v0x55587a257540_0 .net "en_read", 0 0, v0x55587a257ec0_0;  1 drivers
v0x55587a257600_0 .net "en_write", 0 0, v0x55587a257f90_0;  1 drivers
v0x55587a257710_0 .var/i "i", 31 0;
v0x55587a2577f0_0 .net "ptr_in", 4 0, v0x55587a258030_0;  1 drivers
v0x55587a2578d0_0 .net "ptr_out", 4 0, v0x55587a258100_0;  1 drivers
v0x55587a2579b0 .array "register", 0 15, 7 0;
v0x55587a257a70_0 .net "reset", 0 0, v0x55587a2581d0_0;  1 drivers
E_0x55587a230f60 .event posedge, v0x55587a235190_0;
    .scope S_0x55587a234ec0;
T_0 ;
    %wait E_0x55587a230f60;
    %load/vec4 v0x55587a257a70_0;
    %flag_set/vec4 8;
    %jmp/0xz  T_0.0, 8;
    %pushi/vec4 0, 0, 32;
    %store/vec4 v0x55587a257710_0, 0, 32;
T_0.2 ;
    %load/vec4 v0x55587a257710_0;
    %cmpi/s 16, 0, 32;
    %jmp/0xz T_0.3, 5;
    %pushi/vec4 0, 0, 8;
    %ix/getv/s 4, v0x55587a257710_0;
    %store/vec4a v0x55587a2579b0, 4, 0;
    %load/vec4 v0x55587a257710_0;
    %addi 1, 0, 32;
    %store/vec4 v0x55587a257710_0, 0, 32;
    %jmp T_0.2;
T_0.3 ;
    %pushi/vec4 0, 0, 8;
    %assign/vec4 v0x55587a257480_0, 0;
    %jmp T_0.1;
T_0.0 ;
    %load/vec4 v0x55587a257600_0;
    %flag_set/vec4 8;
    %jmp/0xz  T_0.4, 8;
    %load/vec4 v0x55587a2573a0_0;
    %load/vec4 v0x55587a2577f0_0;
    %pad/u 6;
    %ix/vec4 3;
    %ix/load 4, 0, 0; Constant delay
    %assign/vec4/a/d v0x55587a2579b0, 0, 4;
T_0.4 ;
    %load/vec4 v0x55587a257540_0;
    %flag_set/vec4 8;
    %jmp/0xz  T_0.6, 8;
    %load/vec4 v0x55587a2578d0_0;
    %pad/u 6;
    %ix/vec4 4;
    %load/vec4a v0x55587a2579b0, 4;
    %assign/vec4 v0x55587a257480_0, 0;
    %jmp T_0.7;
T_0.6 ;
    %pushi/vec4 0, 0, 8;
    %assign/vec4 v0x55587a257480_0, 0;
T_0.7 ;
T_0.1 ;
    %jmp T_0;
    .thread T_0;
    .scope S_0x55587a1fa4e0;
T_1 ;
    %delay 5, 0;
    %load/vec4 v0x55587a257c30_0;
    %inv;
    %store/vec4 v0x55587a257c30_0, 0, 1;
    %jmp T_1;
    .thread T_1;
    .scope S_0x55587a1fa4e0;
T_2 ;
    %vpi_call 2 32 "$dumpfile", "fifo_tb.vcd" {0 0 0};
    %vpi_call 2 33 "$dumpvars", 32'sb00000000000000000000000000000000, S_0x55587a1fa4e0 {0 0 0};
    %pushi/vec4 0, 0, 1;
    %store/vec4 v0x55587a257c30_0, 0, 1;
    %pushi/vec4 1, 0, 1;
    %store/vec4 v0x55587a2581d0_0, 0, 1;
    %pushi/vec4 0, 0, 1;
    %store/vec4 v0x55587a257ec0_0, 0, 1;
    %pushi/vec4 0, 0, 1;
    %store/vec4 v0x55587a257f90_0, 0, 1;
    %pushi/vec4 0, 0, 8;
    %store/vec4 v0x55587a257cf0_0, 0, 8;
    %pushi/vec4 0, 0, 5;
    %store/vec4 v0x55587a258030_0, 0, 5;
    %pushi/vec4 0, 0, 5;
    %store/vec4 v0x55587a258100_0, 0, 5;
    %delay 10, 0;
    %pushi/vec4 0, 0, 1;
    %store/vec4 v0x55587a2581d0_0, 0, 1;
    %delay 20, 0;
    %pushi/vec4 1, 0, 1;
    %store/vec4 v0x55587a257f90_0, 0, 1;
    %pushi/vec4 10, 0, 8;
    %store/vec4 v0x55587a257cf0_0, 0, 8;
    %load/vec4 v0x55587a258030_0;
    %addi 1, 0, 5;
    %store/vec4 v0x55587a258030_0, 0, 5;
    %delay 10, 0;
    %pushi/vec4 0, 0, 1;
    %store/vec4 v0x55587a257f90_0, 0, 1;
    %delay 20, 0;
    %pushi/vec4 1, 0, 1;
    %store/vec4 v0x55587a257ec0_0, 0, 1;
    %load/vec4 v0x55587a258100_0;
    %addi 1, 0, 5;
    %store/vec4 v0x55587a258100_0, 0, 5;
    %delay 10, 0;
    %pushi/vec4 0, 0, 1;
    %store/vec4 v0x55587a257ec0_0, 0, 1;
    %delay 20, 0;
    %pushi/vec4 1, 0, 1;
    %store/vec4 v0x55587a257f90_0, 0, 1;
    %pushi/vec4 10, 0, 8;
    %store/vec4 v0x55587a257cf0_0, 0, 8;
    %load/vec4 v0x55587a258030_0;
    %addi 1, 0, 5;
    %store/vec4 v0x55587a258030_0, 0, 5;
    %delay 10, 0;
    %pushi/vec4 1, 0, 1;
    %store/vec4 v0x55587a257f90_0, 0, 1;
    %pushi/vec4 27, 0, 8;
    %store/vec4 v0x55587a257cf0_0, 0, 8;
    %load/vec4 v0x55587a258030_0;
    %addi 1, 0, 5;
    %store/vec4 v0x55587a258030_0, 0, 5;
    %delay 10, 0;
    %pushi/vec4 0, 0, 1;
    %store/vec4 v0x55587a257f90_0, 0, 1;
    %delay 20, 0;
    %pushi/vec4 1, 0, 1;
    %store/vec4 v0x55587a257ec0_0, 0, 1;
    %load/vec4 v0x55587a258100_0;
    %addi 1, 0, 5;
    %store/vec4 v0x55587a258100_0, 0, 5;
    %delay 10, 0;
    %pushi/vec4 0, 0, 1;
    %store/vec4 v0x55587a257ec0_0, 0, 1;
    %delay 20, 0;
    %pushi/vec4 1, 0, 1;
    %store/vec4 v0x55587a257ec0_0, 0, 1;
    %load/vec4 v0x55587a258100_0;
    %addi 1, 0, 5;
    %store/vec4 v0x55587a258100_0, 0, 5;
    %delay 10, 0;
    %pushi/vec4 0, 0, 1;
    %store/vec4 v0x55587a257ec0_0, 0, 1;
    %delay 20, 0;
    %pushi/vec4 1, 0, 1;
    %store/vec4 v0x55587a257f90_0, 0, 1;
    %pushi/vec4 10, 0, 8;
    %store/vec4 v0x55587a257cf0_0, 0, 8;
    %load/vec4 v0x55587a258030_0;
    %addi 1, 0, 5;
    %store/vec4 v0x55587a258030_0, 0, 5;
    %delay 10, 0;
    %pushi/vec4 1, 0, 1;
    %store/vec4 v0x55587a257f90_0, 0, 1;
    %pushi/vec4 27, 0, 8;
    %store/vec4 v0x55587a257cf0_0, 0, 8;
    %load/vec4 v0x55587a258030_0;
    %addi 1, 0, 5;
    %store/vec4 v0x55587a258030_0, 0, 5;
    %delay 10, 0;
    %pushi/vec4 1, 0, 1;
    %store/vec4 v0x55587a257f90_0, 0, 1;
    %pushi/vec4 44, 0, 8;
    %store/vec4 v0x55587a257cf0_0, 0, 8;
    %load/vec4 v0x55587a258030_0;
    %addi 1, 0, 5;
    %store/vec4 v0x55587a258030_0, 0, 5;
    %delay 10, 0;
    %pushi/vec4 0, 0, 1;
    %store/vec4 v0x55587a257f90_0, 0, 1;
    %delay 20, 0;
    %pushi/vec4 1, 0, 1;
    %store/vec4 v0x55587a257f90_0, 0, 1;
    %pushi/vec4 10, 0, 8;
    %store/vec4 v0x55587a257cf0_0, 0, 8;
    %load/vec4 v0x55587a258030_0;
    %addi 1, 0, 5;
    %store/vec4 v0x55587a258030_0, 0, 5;
    %delay 10, 0;
    %pushi/vec4 1, 0, 1;
    %store/vec4 v0x55587a257f90_0, 0, 1;
    %pushi/vec4 27, 0, 8;
    %store/vec4 v0x55587a257cf0_0, 0, 8;
    %load/vec4 v0x55587a258030_0;
    %addi 1, 0, 5;
    %store/vec4 v0x55587a258030_0, 0, 5;
    %delay 10, 0;
    %pushi/vec4 1, 0, 1;
    %store/vec4 v0x55587a257f90_0, 0, 1;
    %pushi/vec4 44, 0, 8;
    %store/vec4 v0x55587a257cf0_0, 0, 8;
    %load/vec4 v0x55587a258030_0;
    %addi 1, 0, 5;
    %store/vec4 v0x55587a258030_0, 0, 5;
    %delay 20, 0;
    %pushi/vec4 1, 0, 1;
    %store/vec4 v0x55587a257ec0_0, 0, 1;
    %load/vec4 v0x55587a258100_0;
    %addi 1, 0, 5;
    %store/vec4 v0x55587a258100_0, 0, 5;
    %delay 10, 0;
    %pushi/vec4 0, 0, 1;
    %store/vec4 v0x55587a257ec0_0, 0, 1;
    %delay 20, 0;
    %pushi/vec4 1, 0, 1;
    %store/vec4 v0x55587a257f90_0, 0, 1;
    %pushi/vec4 10, 0, 8;
    %store/vec4 v0x55587a257cf0_0, 0, 8;
    %load/vec4 v0x55587a258030_0;
    %addi 1, 0, 5;
    %store/vec4 v0x55587a258030_0, 0, 5;
    %delay 10, 0;
    %pushi/vec4 0, 0, 1;
    %store/vec4 v0x55587a257f90_0, 0, 1;
    %delay 20, 0;
    %pushi/vec4 1, 0, 1;
    %store/vec4 v0x55587a257ec0_0, 0, 1;
    %load/vec4 v0x55587a258100_0;
    %addi 1, 0, 5;
    %store/vec4 v0x55587a258100_0, 0, 5;
    %delay 10, 0;
    %pushi/vec4 0, 0, 1;
    %store/vec4 v0x55587a257ec0_0, 0, 1;
    %delay 20, 0;
    %pushi/vec4 1, 0, 1;
    %store/vec4 v0x55587a257f90_0, 0, 1;
    %pushi/vec4 27, 0, 8;
    %store/vec4 v0x55587a257cf0_0, 0, 8;
    %load/vec4 v0x55587a258030_0;
    %addi 1, 0, 5;
    %store/vec4 v0x55587a258030_0, 0, 5;
    %delay 10, 0;
    %pushi/vec4 0, 0, 1;
    %store/vec4 v0x55587a257f90_0, 0, 1;
    %delay 20, 0;
    %pushi/vec4 1, 0, 1;
    %store/vec4 v0x55587a257ec0_0, 0, 1;
    %load/vec4 v0x55587a258100_0;
    %addi 1, 0, 5;
    %store/vec4 v0x55587a258100_0, 0, 5;
    %delay 10, 0;
    %pushi/vec4 0, 0, 1;
    %store/vec4 v0x55587a257ec0_0, 0, 1;
    %delay 10, 0;
    %vpi_call 2 88 "$finish" {0 0 0};
    %end;
    .thread T_2;
# The file index is used to find the file name in the following table.
:file_names 4;
    "N/A";
    "<interactive>";
    "fifo_tb.v";
    "./fifo.v";
