#! /usr/local/bin/vvp
:ivl_version "12.0 (stable)";
:ivl_delay_selection "TYPICAL";
:vpi_time_precision + 0;
:vpi_module "/usr/local/lib/ivl/system.vpi";
:vpi_module "/usr/local/lib/ivl/vhdl_sys.vpi";
:vpi_module "/usr/local/lib/ivl/vhdl_textio.vpi";
:vpi_module "/usr/local/lib/ivl/v2005_math.vpi";
:vpi_module "/usr/local/lib/ivl/va_math.vpi";
S_0x5580ed8114e0 .scope module, "fifo_output_control" "fifo_output_control" 2 2;
 .timescale 0 0;
    .port_info 0 /INPUT 1 "read_en";
    .port_info 1 /INPUT 1 "reset";
    .port_info 2 /INPUT 1 "clk";
    .port_info 3 /INPUT 8 "data_out";
    .port_info 4 /OUTPUT 1 "read_en_o";
    .port_info 5 /OUTPUT 1 "underflow";
    .port_info 6 /OUTPUT 5 "ptr";
o0x7f729842c018 .functor BUFZ 1, C4<z>; HiZ drive
v0x5580ed8226b0_0 .net "clk", 0 0, o0x7f729842c018;  0 drivers
v0x5580ed85a360_0 .var "count", 4 0;
o0x7f729842c078 .functor BUFZ 8, C4<zzzzzzzz>; HiZ drive
v0x5580ed85a440_0 .net "data_out", 7 0, o0x7f729842c078;  0 drivers
v0x5580ed85a500_0 .var "ptr", 4 0;
o0x7f729842c0d8 .functor BUFZ 1, C4<z>; HiZ drive
v0x5580ed85a5e0_0 .net "read_en", 0 0, o0x7f729842c0d8;  0 drivers
v0x5580ed85a6f0_0 .var "read_en_o", 0 0;
o0x7f729842c138 .functor BUFZ 1, C4<z>; HiZ drive
v0x5580ed85a7b0_0 .net "reset", 0 0, o0x7f729842c138;  0 drivers
v0x5580ed85a870_0 .var "underflow", 0 0;
E_0x5580ed848340 .event posedge, v0x5580ed8226b0_0;
    .scope S_0x5580ed8114e0;
T_0 ;
    %pushi/vec4 0, 0, 5;
    %store/vec4 v0x5580ed85a360_0, 0, 5;
    %end;
    .thread T_0;
    .scope S_0x5580ed8114e0;
T_1 ;
    %wait E_0x5580ed848340;
    %load/vec4 v0x5580ed85a7b0_0;
    %flag_set/vec4 8;
    %jmp/0xz  T_1.0, 8;
    %pushi/vec4 0, 0, 5;
    %assign/vec4 v0x5580ed85a360_0, 0;
    %pushi/vec4 0, 0, 5;
    %assign/vec4 v0x5580ed85a500_0, 0;
    %pushi/vec4 0, 0, 1;
    %assign/vec4 v0x5580ed85a870_0, 0;
    %jmp T_1.1;
T_1.0 ;
    %load/vec4 v0x5580ed85a5e0_0;
    %flag_set/vec4 8;
    %jmp/0xz  T_1.2, 8;
    %load/vec4 v0x5580ed85a440_0;
    %cmpi/ne 0, 0, 8;
    %jmp/0xz  T_1.4, 4;
    %pushi/vec4 0, 0, 1;
    %assign/vec4 v0x5580ed85a870_0, 0;
    %load/vec4 v0x5580ed85a360_0;
    %addi 1, 0, 5;
    %assign/vec4 v0x5580ed85a360_0, 0;
    %load/vec4 v0x5580ed85a360_0;
    %assign/vec4 v0x5580ed85a500_0, 0;
    %pushi/vec4 1, 0, 1;
    %assign/vec4 v0x5580ed85a6f0_0, 0;
    %jmp T_1.5;
T_1.4 ;
    %pushi/vec4 1, 0, 1;
    %assign/vec4 v0x5580ed85a870_0, 0;
    %pushi/vec4 0, 0, 1;
    %assign/vec4 v0x5580ed85a6f0_0, 0;
T_1.5 ;
    %jmp T_1.3;
T_1.2 ;
    %pushi/vec4 0, 0, 1;
    %assign/vec4 v0x5580ed85a6f0_0, 0;
T_1.3 ;
T_1.1 ;
    %jmp T_1;
    .thread T_1;
# The file index is used to find the file name in the following table.
:file_names 3;
    "N/A";
    "<interactive>";
    "fifo_output_control_unit.v";
